<?xml version="1.0" encoding="UTF-8"?>
<testng-results skipped="0" failed="0" ignored="0" total="1" passed="1">
  <reporter-output>
  </reporter-output>
  <suite name="Default suite" duration-ms="102176" started-at="2020-07-04T10:57:12 IST" finished-at="2020-07-04T10:58:54 IST">
    <groups>
    </groups>
    <test name="Default test" duration-ms="102176" started-at="2020-07-04T10:57:12 IST" finished-at="2020-07-04T10:58:54 IST">
      <class name="com.myProject.Automation.MobileTest.AccellaTest">
        <test-method status="PASS" signature="launchApplication()[pri:0, instance:com.myProject.Automation.MobileTest.AccellaTest@385c9627]" name="launchApplication" is-config="true" duration-ms="24855" started-at="2020-07-04T10:56:47 IST" finished-at="2020-07-04T10:57:12 IST">
          <reporter-output>
          </reporter-output>
        </test-method> <!-- launchApplication -->
        <test-method status="PASS" signature="initialize()[pri:0, instance:com.myProject.Automation.MobileTest.AccellaTest@385c9627]" name="initialize" is-config="true" duration-ms="171" started-at="2020-07-04T10:57:12 IST" finished-at="2020-07-04T10:57:12 IST">
          <reporter-output>
          </reporter-output>
        </test-method> <!-- initialize -->
        <test-method status="PASS" signature="startReport(java.lang.reflect.Method)[pri:0, instance:com.myProject.Automation.MobileTest.AccellaTest@385c9627]" name="startReport" is-config="true" duration-ms="4" started-at="2020-07-04T10:57:12 IST" finished-at="2020-07-04T10:57:12 IST">
          <params>
            <param index="0">
              <value>
                <![CDATA[public void com.myProject.Automation.MobileTest.AccellaTest.loginAsAdmin() throws java.lang.InterruptedException]]>
              </value>
            </param>
          </params>
          <reporter-output>
          </reporter-output>
        </test-method> <!-- startReport -->
        <test-method status="PASS" signature="loginAsAdmin()[pri:0, instance:com.myProject.Automation.MobileTest.AccellaTest@385c9627]" name="loginAsAdmin" duration-ms="101966" started-at="2020-07-04T10:57:12 IST" finished-at="2020-07-04T10:58:54 IST">
          <reporter-output>
          </reporter-output>
        </test-method> <!-- loginAsAdmin -->
        <test-method status="PASS" signature="afterMethod()[pri:0, instance:com.myProject.Automation.MobileTest.AccellaTest@385c9627]" name="afterMethod" is-config="true" duration-ms="4" started-at="2020-07-04T10:58:54 IST" finished-at="2020-07-04T10:58:54 IST">
          <reporter-output>
          </reporter-output>
        </test-method> <!-- afterMethod -->
        <test-method status="FAIL" signature="afterSuite()[pri:0, instance:com.myProject.Automation.MobileTest.AccellaTest@385c9627]" name="afterSuite" is-config="true" duration-ms="462" started-at="2020-07-04T10:58:59 IST" finished-at="2020-07-04T10:58:59 IST">
          <exception class="java.lang.NullPointerException">
            <full-stacktrace>
              <![CDATA[java.lang.NullPointerException
at com.myProject.Automation.Report.endReport(Report.java:50)
at com.myProject.Automation.BaseTest.afterSuite(BaseTest.java:82)
at sun.reflect.NativeMethodAccessorImpl.invoke0(Native Method)
at sun.reflect.NativeMethodAccessorImpl.invoke(NativeMethodAccessorImpl.java:62)
at sun.reflect.DelegatingMethodAccessorImpl.invoke(DelegatingMethodAccessorImpl.java:43)
at java.lang.reflect.Method.invoke(Method.java:498)
at org.testng.internal.MethodInvocationHelper.invokeMethod(MethodInvocationHelper.java:133)
at org.testng.internal.MethodInvocationHelper.invokeMethodConsideringTimeout(MethodInvocationHelper.java:62)
at org.testng.internal.ConfigInvoker.invokeConfigurationMethod(ConfigInvoker.java:340)
at org.testng.internal.ConfigInvoker.invokeConfigurations(ConfigInvoker.java:294)
at org.testng.SuiteRunner.privateRun(SuiteRunner.java:369)
at org.testng.SuiteRunner.run(SuiteRunner.java:304)
at org.testng.SuiteRunnerWorker.runSuite(SuiteRunnerWorker.java:53)
at org.testng.SuiteRunnerWorker.run(SuiteRunnerWorker.java:96)
at org.testng.TestNG.runSuitesSequentially(TestNG.java:1180)
at org.testng.TestNG.runSuitesLocally(TestNG.java:1102)
at org.testng.TestNG.runSuites(TestNG.java:1032)
at org.testng.TestNG.run(TestNG.java:1000)
at org.testng.remote.AbstractRemoteTestNG.run(AbstractRemoteTestNG.java:115)
at org.testng.remote.RemoteTestNG.initAndRun(RemoteTestNG.java:251)
at org.testng.remote.RemoteTestNG.main(RemoteTestNG.java:77)
]]>
            </full-stacktrace>
          </exception> <!-- java.lang.NullPointerException -->
          <reporter-output>
          </reporter-output>
        </test-method> <!-- afterSuite -->
      </class> <!-- com.myProject.Automation.MobileTest.AccellaTest -->
    </test> <!-- Default test -->
  </suite> <!-- Default suite -->
</testng-results>
